[2020-05-11 20:31:17] local.ERROR: Command "ui" is not defined. {"exception":"[object] (Symfony\\Component\\Console\\Exception\\CommandNotFoundException(code: 0): Command \"ui\" is not defined. at /Users/isnaenisetiyadi/Documents/PPDB-SMK/ppdb/vendor/symfony/console/Application.php:644)
[stacktrace]
#0 /Users/isnaenisetiyadi/Documents/PPDB-SMK/ppdb/vendor/symfony/console/Application.php(228): Symfony\\Component\\Console\\Application->find('ui')
#1 /Users/isnaenisetiyadi/Documents/PPDB-SMK/ppdb/vendor/symfony/console/Application.php(140): Symfony\\Component\\Console\\Application->doRun(Object(Symfony\\Component\\Console\\Input\\ArgvInput), Object(Symfony\\Component\\Console\\Output\\ConsoleOutput))
#2 /Users/isnaenisetiyadi/Documents/PPDB-SMK/ppdb/vendor/laravel/framework/src/Illuminate/Console/Application.php(93): Symfony\\Component\\Console\\Application->run(Object(Symfony\\Component\\Console\\Input\\ArgvInput), Object(Symfony\\Component\\Console\\Output\\ConsoleOutput))
#3 /Users/isnaenisetiyadi/Documents/PPDB-SMK/ppdb/vendor/laravel/framework/src/Illuminate/Foundation/Console/Kernel.php(129): Illuminate\\Console\\Application->run(Object(Symfony\\Component\\Console\\Input\\ArgvInput), Object(Symfony\\Component\\Console\\Output\\ConsoleOutput))
#4 /Users/isnaenisetiyadi/Documents/PPDB-SMK/ppdb/artisan(37): Illuminate\\Foundation\\Console\\Kernel->handle(Object(Symfony\\Component\\Console\\Input\\ArgvInput), Object(Symfony\\Component\\Console\\Output\\ConsoleOutput))
#5 {main}
"} 
[2020-05-11 20:51:31] local.ERROR: Use of undefined constant message - assumed 'message' (this will throw an Error in a future version of PHP) (View: /Users/isnaenisetiyadi/Documents/PPDB-SMK/ppdb/resources/views/welcome.blade.php) {"exception":"[object] (Facade\\Ignition\\Exceptions\\ViewException(code: 0): Use of undefined constant message - assumed 'message' (this will throw an Error in a future version of PHP) (View: /Users/isnaenisetiyadi/Documents/PPDB-SMK/ppdb/resources/views/welcome.blade.php) at /Users/isnaenisetiyadi/Documents/PPDB-SMK/ppdb/resources/views/welcome.blade.php:102)
[stacktrace]
#0 /Users/isnaenisetiyadi/Documents/PPDB-SMK/ppdb/resources/views/welcome.blade.php(102): Illuminate\\Foundation\\Bootstrap\\HandleExceptions->handleError(2, 'Use of undefine...', '/Users/isnaenis...', 102, Array)
#1 /Users/isnaenisetiyadi/Documents/PPDB-SMK/ppdb/vendor/laravel/framework/src/Illuminate/View/Engines/PhpEngine.php(41): include('/Users/isnaenis...')
#2 /Users/isnaenisetiyadi/Documents/PPDB-SMK/ppdb/vendor/laravel/framework/src/Illuminate/View/Engines/CompilerEngine.php(57): Illuminate\\View\\Engines\\PhpEngine->evaluatePath('/Users/isnaenis...', Array)
#3 /Users/isnaenisetiyadi/Documents/PPDB-SMK/ppdb/vendor/facade/ignition/src/Views/Engines/CompilerEngine.php(37): Illuminate\\View\\Engines\\CompilerEngine->get('/Users/isnaenis...', Array)
#4 /Users/isnaenisetiyadi/Documents/PPDB-SMK/ppdb/vendor/laravel/framework/src/Illuminate/View/View.php(139): Facade\\Ignition\\Views\\Engines\\CompilerEngine->get('/Users/isnaenis...', Array)
#5 /Users/isnaenisetiyadi/Documents/PPDB-SMK/ppdb/vendor/laravel/framework/src/Illuminate/View/View.php(122): Illuminate\\View\\View->getContents()
#6 /Users/isnaenisetiyadi/Documents/PPDB-SMK/ppdb/vendor/laravel/framework/src/Illuminate/View/View.php(91): Illuminate\\View\\View->renderContents()
#7 /Users/isnaenisetiyadi/Documents/PPDB-SMK/ppdb/vendor/laravel/framework/src/Illuminate/Http/Response.php(62): Illuminate\\View\\View->render()
#8 /Users/isnaenisetiyadi/Documents/PPDB-SMK/ppdb/vendor/laravel/framework/src/Illuminate/Http/Response.php(34): Illuminate\\Http\\Response->setContent(Object(Illuminate\\View\\View))
#9 /Users/isnaenisetiyadi/Documents/PPDB-SMK/ppdb/vendor/laravel/framework/src/Illuminate/Routing/Router.php(759): Illuminate\\Http\\Response->__construct(Object(Illuminate\\View\\View), 200, Array)
#10 /Users/isnaenisetiyadi/Documents/PPDB-SMK/ppdb/vendor/laravel/framework/src/Illuminate/Routing/Router.php(731): Illuminate\\Routing\\Router::toResponse(Object(Illuminate\\Http\\Request), Object(Illuminate\\View\\View))
#11 /Users/isnaenisetiyadi/Documents/PPDB-SMK/ppdb/vendor/laravel/framework/src/Illuminate/Routing/Router.php(685): Illuminate\\Routing\\Router->prepareResponse(Object(Illuminate\\Http\\Request), Object(Illuminate\\View\\View))
#12 /Users/isnaenisetiyadi/Documents/PPDB-SMK/ppdb/vendor/laravel/framework/src/Illuminate/Pipeline/Pipeline.php(128): Illuminate\\Routing\\Router->Illuminate\\Routing\\{closure}(Object(Illuminate\\Http\\Request))
#13 /Users/isnaenisetiyadi/Documents/PPDB-SMK/ppdb/vendor/laravel/framework/src/Illuminate/Routing/Middleware/SubstituteBindings.php(41): Illuminate\\Pipeline\\Pipeline->Illuminate\\Pipeline\\{closure}(Object(Illuminate\\Http\\Request))
#14 /Users/isnaenisetiyadi/Documents/PPDB-SMK/ppdb/vendor/laravel/framework/src/Illuminate/Pipeline/Pipeline.php(167): Illuminate\\Routing\\Middleware\\SubstituteBindings->handle(Object(Illuminate\\Http\\Request), Object(Closure))
#15 /Users/isnaenisetiyadi/Documents/PPDB-SMK/ppdb/vendor/laravel/framework/src/Illuminate/Foundation/Http/Middleware/VerifyCsrfToken.php(76): Illuminate\\Pipeline\\Pipeline->Illuminate\\Pipeline\\{closure}(Object(Illuminate\\Http\\Request))
#16 /Users/isnaenisetiyadi/Documents/PPDB-SMK/ppdb/vendor/laravel/framework/src/Illuminate/Pipeline/Pipeline.php(167): Illuminate\\Foundation\\Http\\Middleware\\VerifyCsrfToken->handle(Object(Illuminate\\Http\\Request), Object(Closure))
#17 /Users/isnaenisetiyadi/Documents/PPDB-SMK/ppdb/vendor/laravel/framework/src/Illuminate/View/Middleware/ShareErrorsFromSession.php(49): Illuminate\\Pipeline\\Pipeline->Illuminate\\Pipeline\\{closure}(Object(Illuminate\\Http\\Request))
#18 /Users/isnaenisetiyadi/Documents/PPDB-SMK/ppdb/vendor/laravel/framework/src/Illuminate/Pipeline/Pipeline.php(167): Illuminate\\View\\Middleware\\ShareErrorsFromSession->handle(Object(Illuminate\\Http\\Request), Object(Closure))
#19 /Users/isnaenisetiyadi/Documents/PPDB-SMK/ppdb/vendor/laravel/framework/src/Illuminate/Session/Middleware/StartSession.php(116): Illuminate\\Pipeline\\Pipeline->Illuminate\\Pipeline\\{closure}(Object(Illuminate\\Http\\Request))
#20 /Users/isnaenisetiyadi/Documents/PPDB-SMK/ppdb/vendor/laravel/framework/src/Illuminate/Session/Middleware/StartSession.php(62): Illuminate\\Session\\Middleware\\StartSession->handleStatefulRequest(Object(Illuminate\\Http\\Request), Object(Illuminate\\Session\\Store), Object(Closure))
#21 /Users/isnaenisetiyadi/Documents/PPDB-SMK/ppdb/vendor/laravel/framework/src/Illuminate/Pipeline/Pipeline.php(167): Illuminate\\Session\\Middleware\\StartSession->handle(Object(Illuminate\\Http\\Request), Object(Closure))
#22 /Users/isnaenisetiyadi/Documents/PPDB-SMK/ppdb/vendor/laravel/framework/src/Illuminate/Cookie/Middleware/AddQueuedCookiesToResponse.php(37): Illuminate\\Pipeline\\Pipeline->Illuminate\\Pipeline\\{closure}(Object(Illuminate\\Http\\Request))
#23 /Users/isnaenisetiyadi/Documents/PPDB-SMK/ppdb/vendor/laravel/framework/src/Illuminate/Pipeline/Pipeline.php(167): Illuminate\\Cookie\\Middleware\\AddQueuedCookiesToResponse->handle(Object(Illuminate\\Http\\Request), Object(Closure))
#24 /Users/isnaenisetiyadi/Documents/PPDB-SMK/ppdb/vendor/laravel/framework/src/Illuminate/Cookie/Middleware/EncryptCookies.php(66): Illuminate\\Pipeline\\Pipeline->Illuminate\\Pipeline\\{closure}(Object(Illuminate\\Http\\Request))
#25 /Users/isnaenisetiyadi/Documents/PPDB-SMK/ppdb/vendor/laravel/framework/src/Illuminate/Pipeline/Pipeline.php(167): Illuminate\\Cookie\\Middleware\\EncryptCookies->handle(Object(Illuminate\\Http\\Request), Object(Closure))
#26 /Users/isnaenisetiyadi/Documents/PPDB-SMK/ppdb/vendor/laravel/framework/src/Illuminate/Pipeline/Pipeline.php(103): Illuminate\\Pipeline\\Pipeline->Illuminate\\Pipeline\\{closure}(Object(Illuminate\\Http\\Request))
#27 /Users/isnaenisetiyadi/Documents/PPDB-SMK/ppdb/vendor/laravel/framework/src/Illuminate/Routing/Router.php(687): Illuminate\\Pipeline\\Pipeline->then(Object(Closure))
#28 /Users/isnaenisetiyadi/Documents/PPDB-SMK/ppdb/vendor/laravel/framework/src/Illuminate/Routing/Router.php(662): Illuminate\\Routing\\Router->runRouteWithinStack(Object(Illuminate\\Routing\\Route), Object(Illuminate\\Http\\Request))
#29 /Users/isnaenisetiyadi/Documents/PPDB-SMK/ppdb/vendor/laravel/framework/src/Illuminate/Routing/Router.php(628): Illuminate\\Routing\\Router->runRoute(Object(Illuminate\\Http\\Request), Object(Illuminate\\Routing\\Route))
#30 /Users/isnaenisetiyadi/Documents/PPDB-SMK/ppdb/vendor/laravel/framework/src/Illuminate/Routing/Router.php(617): Illuminate\\Routing\\Router->dispatchToRoute(Object(Illuminate\\Http\\Request))
#31 /Users/isnaenisetiyadi/Documents/PPDB-SMK/ppdb/vendor/laravel/framework/src/Illuminate/Foundation/Http/Kernel.php(165): Illuminate\\Routing\\Router->dispatch(Object(Illuminate\\Http\\Request))
#32 /Users/isnaenisetiyadi/Documents/PPDB-SMK/ppdb/vendor/laravel/framework/src/Illuminate/Pipeline/Pipeline.php(128): Illuminate\\Foundation\\Http\\Kernel->Illuminate\\Foundation\\Http\\{closure}(Object(Illuminate\\Http\\Request))
#33 /Users/isnaenisetiyadi/Documents/PPDB-SMK/ppdb/vendor/laravel/framework/src/Illuminate/Foundation/Http/Middleware/TransformsRequest.php(21): Illuminate\\Pipeline\\Pipeline->Illuminate\\Pipeline\\{closure}(Object(Illuminate\\Http\\Request))
#34 /Users/isnaenisetiyadi/Documents/PPDB-SMK/ppdb/vendor/laravel/framework/src/Illuminate/Pipeline/Pipeline.php(167): Illuminate\\Foundation\\Http\\Middleware\\TransformsRequest->handle(Object(Illuminate\\Http\\Request), Object(Closure))
#35 /Users/isnaenisetiyadi/Documents/PPDB-SMK/ppdb/vendor/laravel/framework/src/Illuminate/Foundation/Http/Middleware/TransformsRequest.php(21): Illuminate\\Pipeline\\Pipeline->Illuminate\\Pipeline\\{closure}(Object(Illuminate\\Http\\Request))
#36 /Users/isnaenisetiyadi/Documents/PPDB-SMK/ppdb/vendor/laravel/framework/src/Illuminate/Pipeline/Pipeline.php(167): Illuminate\\Foundation\\Http\\Middleware\\TransformsRequest->handle(Object(Illuminate\\Http\\Request), Object(Closure))
#37 /Users/isnaenisetiyadi/Documents/PPDB-SMK/ppdb/vendor/laravel/framework/src/Illuminate/Foundation/Http/Middleware/ValidatePostSize.php(27): Illuminate\\Pipeline\\Pipeline->Illuminate\\Pipeline\\{closure}(Object(Illuminate\\Http\\Request))
#38 /Users/isnaenisetiyadi/Documents/PPDB-SMK/ppdb/vendor/laravel/framework/src/Illuminate/Pipeline/Pipeline.php(167): Illuminate\\Foundation\\Http\\Middleware\\ValidatePostSize->handle(Object(Illuminate\\Http\\Request), Object(Closure))
#39 /Users/isnaenisetiyadi/Documents/PPDB-SMK/ppdb/vendor/laravel/framework/src/Illuminate/Foundation/Http/Middleware/CheckForMaintenanceMode.php(63): Illuminate\\Pipeline\\Pipeline->Illuminate\\Pipeline\\{closure}(Object(Illuminate\\Http\\Request))
#40 /Users/isnaenisetiyadi/Documents/PPDB-SMK/ppdb/vendor/laravel/framework/src/Illuminate/Pipeline/Pipeline.php(167): Illuminate\\Foundation\\Http\\Middleware\\CheckForMaintenanceMode->handle(Object(Illuminate\\Http\\Request), Object(Closure))
#41 /Users/isnaenisetiyadi/Documents/PPDB-SMK/ppdb/vendor/fruitcake/laravel-cors/src/HandleCors.php(37): Illuminate\\Pipeline\\Pipeline->Illuminate\\Pipeline\\{closure}(Object(Illuminate\\Http\\Request))
#42 /Users/isnaenisetiyadi/Documents/PPDB-SMK/ppdb/vendor/laravel/framework/src/Illuminate/Pipeline/Pipeline.php(167): Fruitcake\\Cors\\HandleCors->handle(Object(Illuminate\\Http\\Request), Object(Closure))
#43 /Users/isnaenisetiyadi/Documents/PPDB-SMK/ppdb/vendor/fideloper/proxy/src/TrustProxies.php(57): Illuminate\\Pipeline\\Pipeline->Illuminate\\Pipeline\\{closure}(Object(Illuminate\\Http\\Request))
#44 /Users/isnaenisetiyadi/Documents/PPDB-SMK/ppdb/vendor/laravel/framework/src/Illuminate/Pipeline/Pipeline.php(167): Fideloper\\Proxy\\TrustProxies->handle(Object(Illuminate\\Http\\Request), Object(Closure))
#45 /Users/isnaenisetiyadi/Documents/PPDB-SMK/ppdb/vendor/laravel/framework/src/Illuminate/Pipeline/Pipeline.php(103): Illuminate\\Pipeline\\Pipeline->Illuminate\\Pipeline\\{closure}(Object(Illuminate\\Http\\Request))
#46 /Users/isnaenisetiyadi/Documents/PPDB-SMK/ppdb/vendor/laravel/framework/src/Illuminate/Foundation/Http/Kernel.php(140): Illuminate\\Pipeline\\Pipeline->then(Object(Closure))
#47 /Users/isnaenisetiyadi/Documents/PPDB-SMK/ppdb/vendor/laravel/framework/src/Illuminate/Foundation/Http/Kernel.php(109): Illuminate\\Foundation\\Http\\Kernel->sendRequestThroughRouter(Object(Illuminate\\Http\\Request))
#48 /Users/isnaenisetiyadi/Documents/PPDB-SMK/ppdb/public/index.php(55): Illuminate\\Foundation\\Http\\Kernel->handle(Object(Illuminate\\Http\\Request))
#49 /Users/isnaenisetiyadi/Documents/PPDB-SMK/ppdb/server.php(21): require_once('/Users/isnaenis...')
#50 {main}

[previous exception] [object] (ErrorException(code: 0): Use of undefined constant message - assumed 'message' (this will throw an Error in a future version of PHP) at /Users/isnaenisetiyadi/Documents/PPDB-SMK/ppdb/storage/framework/views/ab15ed03e393339e06191a15120c1b65aaf70ffa.php:102)
[stacktrace]
#0 /Users/isnaenisetiyadi/Documents/PPDB-SMK/ppdb/storage/framework/views/ab15ed03e393339e06191a15120c1b65aaf70ffa.php(102): Illuminate\\Foundation\\Bootstrap\\HandleExceptions->handleError(2, 'Use of undefine...', '/Users/isnaenis...', 102, Array)
#1 /Users/isnaenisetiyadi/Documents/PPDB-SMK/ppdb/vendor/laravel/framework/src/Illuminate/View/Engines/PhpEngine.php(41): include('/Users/isnaenis...')
#2 /Users/isnaenisetiyadi/Documents/PPDB-SMK/ppdb/vendor/laravel/framework/src/Illuminate/View/Engines/CompilerEngine.php(57): Illuminate\\View\\Engines\\PhpEngine->evaluatePath('/Users/isnaenis...', Array)
#3 /Users/isnaenisetiyadi/Documents/PPDB-SMK/ppdb/vendor/facade/ignition/src/Views/Engines/CompilerEngine.php(37): Illuminate\\View\\Engines\\CompilerEngine->get('/Users/isnaenis...', Array)
#4 /Users/isnaenisetiyadi/Documents/PPDB-SMK/ppdb/vendor/laravel/framework/src/Illuminate/View/View.php(139): Facade\\Ignition\\Views\\Engines\\CompilerEngine->get('/Users/isnaenis...', Array)
#5 /Users/isnaenisetiyadi/Documents/PPDB-SMK/ppdb/vendor/laravel/framework/src/Illuminate/View/View.php(122): Illuminate\\View\\View->getContents()
#6 /Users/isnaenisetiyadi/Documents/PPDB-SMK/ppdb/vendor/laravel/framework/src/Illuminate/View/View.php(91): Illuminate\\View\\View->renderContents()
#7 /Users/isnaenisetiyadi/Documents/PPDB-SMK/ppdb/vendor/laravel/framework/src/Illuminate/Http/Response.php(62): Illuminate\\View\\View->render()
#8 /Users/isnaenisetiyadi/Documents/PPDB-SMK/ppdb/vendor/laravel/framework/src/Illuminate/Http/Response.php(34): Illuminate\\Http\\Response->setContent(Object(Illuminate\\View\\View))
#9 /Users/isnaenisetiyadi/Documents/PPDB-SMK/ppdb/vendor/laravel/framework/src/Illuminate/Routing/Router.php(759): Illuminate\\Http\\Response->__construct(Object(Illuminate\\View\\View), 200, Array)
#10 /Users/isnaenisetiyadi/Documents/PPDB-SMK/ppdb/vendor/laravel/framework/src/Illuminate/Routing/Router.php(731): Illuminate\\Routing\\Router::toResponse(Object(Illuminate\\Http\\Request), Object(Illuminate\\View\\View))
#11 /Users/isnaenisetiyadi/Documents/PPDB-SMK/ppdb/vendor/laravel/framework/src/Illuminate/Routing/Router.php(685): Illuminate\\Routing\\Router->prepareResponse(Object(Illuminate\\Http\\Request), Object(Illuminate\\View\\View))
#12 /Users/isnaenisetiyadi/Documents/PPDB-SMK/ppdb/vendor/laravel/framework/src/Illuminate/Pipeline/Pipeline.php(128): Illuminate\\Routing\\Router->Illuminate\\Routing\\{closure}(Object(Illuminate\\Http\\Request))
#13 /Users/isnaenisetiyadi/Documents/PPDB-SMK/ppdb/vendor/laravel/framework/src/Illuminate/Routing/Middleware/SubstituteBindings.php(41): Illuminate\\Pipeline\\Pipeline->Illuminate\\Pipeline\\{closure}(Object(Illuminate\\Http\\Request))
#14 /Users/isnaenisetiyadi/Documents/PPDB-SMK/ppdb/vendor/laravel/framework/src/Illuminate/Pipeline/Pipeline.php(167): Illuminate\\Routing\\Middleware\\SubstituteBindings->handle(Object(Illuminate\\Http\\Request), Object(Closure))
#15 /Users/isnaenisetiyadi/Documents/PPDB-SMK/ppdb/vendor/laravel/framework/src/Illuminate/Foundation/Http/Middleware/VerifyCsrfToken.php(76): Illuminate\\Pipeline\\Pipeline->Illuminate\\Pipeline\\{closure}(Object(Illuminate\\Http\\Request))
#16 /Users/isnaenisetiyadi/Documents/PPDB-SMK/ppdb/vendor/laravel/framework/src/Illuminate/Pipeline/Pipeline.php(167): Illuminate\\Foundation\\Http\\Middleware\\VerifyCsrfToken->handle(Object(Illuminate\\Http\\Request), Object(Closure))
#17 /Users/isnaenisetiyadi/Documents/PPDB-SMK/ppdb/vendor/laravel/framework/src/Illuminate/View/Middleware/ShareErrorsFromSession.php(49): Illuminate\\Pipeline\\Pipeline->Illuminate\\Pipeline\\{closure}(Object(Illuminate\\Http\\Request))
#18 /Users/isnaenisetiyadi/Documents/PPDB-SMK/ppdb/vendor/laravel/framework/src/Illuminate/Pipeline/Pipeline.php(167): Illuminate\\View\\Middleware\\ShareErrorsFromSession->handle(Object(Illuminate\\Http\\Request), Object(Closure))
#19 /Users/isnaenisetiyadi/Documents/PPDB-SMK/ppdb/vendor/laravel/framework/src/Illuminate/Session/Middleware/StartSession.php(116): Illuminate\\Pipeline\\Pipeline->Illuminate\\Pipeline\\{closure}(Object(Illuminate\\Http\\Request))
#20 /Users/isnaenisetiyadi/Documents/PPDB-SMK/ppdb/vendor/laravel/framework/src/Illuminate/Session/Middleware/StartSession.php(62): Illuminate\\Session\\Middleware\\StartSession->handleStatefulRequest(Object(Illuminate\\Http\\Request), Object(Illuminate\\Session\\Store), Object(Closure))
#21 /Users/isnaenisetiyadi/Documents/PPDB-SMK/ppdb/vendor/laravel/framework/src/Illuminate/Pipeline/Pipeline.php(167): Illuminate\\Session\\Middleware\\StartSession->handle(Object(Illuminate\\Http\\Request), Object(Closure))
#22 /Users/isnaenisetiyadi/Documents/PPDB-SMK/ppdb/vendor/laravel/framework/src/Illuminate/Cookie/Middleware/AddQueuedCookiesToResponse.php(37): Illuminate\\Pipeline\\Pipeline->Illuminate\\Pipeline\\{closure}(Object(Illuminate\\Http\\Request))
#23 /Users/isnaenisetiyadi/Documents/PPDB-SMK/ppdb/vendor/laravel/framework/src/Illuminate/Pipeline/Pipeline.php(167): Illuminate\\Cookie\\Middleware\\AddQueuedCookiesToResponse->handle(Object(Illuminate\\Http\\Request), Object(Closure))
#24 /Users/isnaenisetiyadi/Documents/PPDB-SMK/ppdb/vendor/laravel/framework/src/Illuminate/Cookie/Middleware/EncryptCookies.php(66): Illuminate\\Pipeline\\Pipeline->Illuminate\\Pipeline\\{closure}(Object(Illuminate\\Http\\Request))
#25 /Users/isnaenisetiyadi/Documents/PPDB-SMK/ppdb/vendor/laravel/framework/src/Illuminate/Pipeline/Pipeline.php(167): Illuminate\\Cookie\\Middleware\\EncryptCookies->handle(Object(Illuminate\\Http\\Request), Object(Closure))
#26 /Users/isnaenisetiyadi/Documents/PPDB-SMK/ppdb/vendor/laravel/framework/src/Illuminate/Pipeline/Pipeline.php(103): Illuminate\\Pipeline\\Pipeline->Illuminate\\Pipeline\\{closure}(Object(Illuminate\\Http\\Request))
#27 /Users/isnaenisetiyadi/Documents/PPDB-SMK/ppdb/vendor/laravel/framework/src/Illuminate/Routing/Router.php(687): Illuminate\\Pipeline\\Pipeline->then(Object(Closure))
#28 /Users/isnaenisetiyadi/Documents/PPDB-SMK/ppdb/vendor/laravel/framework/src/Illuminate/Routing/Router.php(662): Illuminate\\Routing\\Router->runRouteWithinStack(Object(Illuminate\\Routing\\Route), Object(Illuminate\\Http\\Request))
#29 /Users/isnaenisetiyadi/Documents/PPDB-SMK/ppdb/vendor/laravel/framework/src/Illuminate/Routing/Router.php(628): Illuminate\\Routing\\Router->runRoute(Object(Illuminate\\Http\\Request), Object(Illuminate\\Routing\\Route))
#30 /Users/isnaenisetiyadi/Documents/PPDB-SMK/ppdb/vendor/laravel/framework/src/Illuminate/Routing/Router.php(617): Illuminate\\Routing\\Router->dispatchToRoute(Object(Illuminate\\Http\\Request))
#31 /Users/isnaenisetiyadi/Documents/PPDB-SMK/ppdb/vendor/laravel/framework/src/Illuminate/Foundation/Http/Kernel.php(165): Illuminate\\Routing\\Router->dispatch(Object(Illuminate\\Http\\Request))
#32 /Users/isnaenisetiyadi/Documents/PPDB-SMK/ppdb/vendor/laravel/framework/src/Illuminate/Pipeline/Pipeline.php(128): Illuminate\\Foundation\\Http\\Kernel->Illuminate\\Foundation\\Http\\{closure}(Object(Illuminate\\Http\\Request))
#33 /Users/isnaenisetiyadi/Documents/PPDB-SMK/ppdb/vendor/laravel/framework/src/Illuminate/Foundation/Http/Middleware/TransformsRequest.php(21): Illuminate\\Pipeline\\Pipeline->Illuminate\\Pipeline\\{closure}(Object(Illuminate\\Http\\Request))
#34 /Users/isnaenisetiyadi/Documents/PPDB-SMK/ppdb/vendor/laravel/framework/src/Illuminate/Pipeline/Pipeline.php(167): Illuminate\\Foundation\\Http\\Middleware\\TransformsRequest->handle(Object(Illuminate\\Http\\Request), Object(Closure))
#35 /Users/isnaenisetiyadi/Documents/PPDB-SMK/ppdb/vendor/laravel/framework/src/Illuminate/Foundation/Http/Middleware/TransformsRequest.php(21): Illuminate\\Pipeline\\Pipeline->Illuminate\\Pipeline\\{closure}(Object(Illuminate\\Http\\Request))
#36 /Users/isnaenisetiyadi/Documents/PPDB-SMK/ppdb/vendor/laravel/framework/src/Illuminate/Pipeline/Pipeline.php(167): Illuminate\\Foundation\\Http\\Middleware\\TransformsRequest->handle(Object(Illuminate\\Http\\Request), Object(Closure))
#37 /Users/isnaenisetiyadi/Documents/PPDB-SMK/ppdb/vendor/laravel/framework/src/Illuminate/Foundation/Http/Middleware/ValidatePostSize.php(27): Illuminate\\Pipeline\\Pipeline->Illuminate\\Pipeline\\{closure}(Object(Illuminate\\Http\\Request))
#38 /Users/isnaenisetiyadi/Documents/PPDB-SMK/ppdb/vendor/laravel/framework/src/Illuminate/Pipeline/Pipeline.php(167): Illuminate\\Foundation\\Http\\Middleware\\ValidatePostSize->handle(Object(Illuminate\\Http\\Request), Object(Closure))
#39 /Users/isnaenisetiyadi/Documents/PPDB-SMK/ppdb/vendor/laravel/framework/src/Illuminate/Foundation/Http/Middleware/CheckForMaintenanceMode.php(63): Illuminate\\Pipeline\\Pipeline->Illuminate\\Pipeline\\{closure}(Object(Illuminate\\Http\\Request))
#40 /Users/isnaenisetiyadi/Documents/PPDB-SMK/ppdb/vendor/laravel/framework/src/Illuminate/Pipeline/Pipeline.php(167): Illuminate\\Foundation\\Http\\Middleware\\CheckForMaintenanceMode->handle(Object(Illuminate\\Http\\Request), Object(Closure))
#41 /Users/isnaenisetiyadi/Documents/PPDB-SMK/ppdb/vendor/fruitcake/laravel-cors/src/HandleCors.php(37): Illuminate\\Pipeline\\Pipeline->Illuminate\\Pipeline\\{closure}(Object(Illuminate\\Http\\Request))
#42 /Users/isnaenisetiyadi/Documents/PPDB-SMK/ppdb/vendor/laravel/framework/src/Illuminate/Pipeline/Pipeline.php(167): Fruitcake\\Cors\\HandleCors->handle(Object(Illuminate\\Http\\Request), Object(Closure))
#43 /Users/isnaenisetiyadi/Documents/PPDB-SMK/ppdb/vendor/fideloper/proxy/src/TrustProxies.php(57): Illuminate\\Pipeline\\Pipeline->Illuminate\\Pipeline\\{closure}(Object(Illuminate\\Http\\Request))
#44 /Users/isnaenisetiyadi/Documents/PPDB-SMK/ppdb/vendor/laravel/framework/src/Illuminate/Pipeline/Pipeline.php(167): Fideloper\\Proxy\\TrustProxies->handle(Object(Illuminate\\Http\\Request), Object(Closure))
#45 /Users/isnaenisetiyadi/Documents/PPDB-SMK/ppdb/vendor/laravel/framework/src/Illuminate/Pipeline/Pipeline.php(103): Illuminate\\Pipeline\\Pipeline->Illuminate\\Pipeline\\{closure}(Object(Illuminate\\Http\\Request))
#46 /Users/isnaenisetiyadi/Documents/PPDB-SMK/ppdb/vendor/laravel/framework/src/Illuminate/Foundation/Http/Kernel.php(140): Illuminate\\Pipeline\\Pipeline->then(Object(Closure))
#47 /Users/isnaenisetiyadi/Documents/PPDB-SMK/ppdb/vendor/laravel/framework/src/Illuminate/Foundation/Http/Kernel.php(109): Illuminate\\Foundation\\Http\\Kernel->sendRequestThroughRouter(Object(Illuminate\\Http\\Request))
#48 /Users/isnaenisetiyadi/Documents/PPDB-SMK/ppdb/public/index.php(55): Illuminate\\Foundation\\Http\\Kernel->handle(Object(Illuminate\\Http\\Request))
#49 /Users/isnaenisetiyadi/Documents/PPDB-SMK/ppdb/server.php(21): require_once('/Users/isnaenis...')
#50 {main}
"} 
[2020-05-11 21:32:11] local.ERROR: Command "make:auth" is not defined.

Did you mean one of these?
    make:cast
    make:channel
    make:command
    make:component
    make:controller
    make:event
    make:exception
    make:factory
    make:job
    make:listener
    make:mail
    make:middleware
    make:migration
    make:model
    make:notification
    make:observer
    make:policy
    make:provider
    make:request
    make:resource
    make:rule
    make:seeder
    make:test {"exception":"[object] (Symfony\\Component\\Console\\Exception\\CommandNotFoundException(code: 0): Command \"make:auth\" is not defined.

Did you mean one of these?
    make:cast
    make:channel
    make:command
    make:component
    make:controller
    make:event
    make:exception
    make:factory
    make:job
    make:listener
    make:mail
    make:middleware
    make:migration
    make:model
    make:notification
    make:observer
    make:policy
    make:provider
    make:request
    make:resource
    make:rule
    make:seeder
    make:test at /Users/isnaenisetiyadi/Documents/PPDB-SMK/ppdb/vendor/symfony/console/Application.php:644)
[stacktrace]
#0 /Users/isnaenisetiyadi/Documents/PPDB-SMK/ppdb/vendor/symfony/console/Application.php(228): Symfony\\Component\\Console\\Application->find('make:auth')
#1 /Users/isnaenisetiyadi/Documents/PPDB-SMK/ppdb/vendor/symfony/console/Application.php(140): Symfony\\Component\\Console\\Application->doRun(Object(Symfony\\Component\\Console\\Input\\ArgvInput), Object(Symfony\\Component\\Console\\Output\\ConsoleOutput))
#2 /Users/isnaenisetiyadi/Documents/PPDB-SMK/ppdb/vendor/laravel/framework/src/Illuminate/Console/Application.php(93): Symfony\\Component\\Console\\Application->run(Object(Symfony\\Component\\Console\\Input\\ArgvInput), Object(Symfony\\Component\\Console\\Output\\ConsoleOutput))
#3 /Users/isnaenisetiyadi/Documents/PPDB-SMK/ppdb/vendor/laravel/framework/src/Illuminate/Foundation/Console/Kernel.php(129): Illuminate\\Console\\Application->run(Object(Symfony\\Component\\Console\\Input\\ArgvInput), Object(Symfony\\Component\\Console\\Output\\ConsoleOutput))
#4 /Users/isnaenisetiyadi/Documents/PPDB-SMK/ppdb/artisan(37): Illuminate\\Foundation\\Console\\Kernel->handle(Object(Symfony\\Component\\Console\\Input\\ArgvInput), Object(Symfony\\Component\\Console\\Output\\ConsoleOutput))
#5 {main}
"} 
[2020-05-11 21:32:31] local.ERROR: Command "ui" is not defined. {"exception":"[object] (Symfony\\Component\\Console\\Exception\\CommandNotFoundException(code: 0): Command \"ui\" is not defined. at /Users/isnaenisetiyadi/Documents/PPDB-SMK/ppdb/vendor/symfony/console/Application.php:644)
[stacktrace]
#0 /Users/isnaenisetiyadi/Documents/PPDB-SMK/ppdb/vendor/symfony/console/Application.php(228): Symfony\\Component\\Console\\Application->find('ui')
#1 /Users/isnaenisetiyadi/Documents/PPDB-SMK/ppdb/vendor/symfony/console/Application.php(140): Symfony\\Component\\Console\\Application->doRun(Object(Symfony\\Component\\Console\\Input\\ArgvInput), Object(Symfony\\Component\\Console\\Output\\ConsoleOutput))
#2 /Users/isnaenisetiyadi/Documents/PPDB-SMK/ppdb/vendor/laravel/framework/src/Illuminate/Console/Application.php(93): Symfony\\Component\\Console\\Application->run(Object(Symfony\\Component\\Console\\Input\\ArgvInput), Object(Symfony\\Component\\Console\\Output\\ConsoleOutput))
#3 /Users/isnaenisetiyadi/Documents/PPDB-SMK/ppdb/vendor/laravel/framework/src/Illuminate/Foundation/Console/Kernel.php(129): Illuminate\\Console\\Application->run(Object(Symfony\\Component\\Console\\Input\\ArgvInput), Object(Symfony\\Component\\Console\\Output\\ConsoleOutput))
#4 /Users/isnaenisetiyadi/Documents/PPDB-SMK/ppdb/artisan(37): Illuminate\\Foundation\\Console\\Kernel->handle(Object(Symfony\\Component\\Console\\Input\\ArgvInput), Object(Symfony\\Component\\Console\\Output\\ConsoleOutput))
#5 {main}
"} 
[2020-05-11 21:33:02] local.ERROR: Command "ui" is not defined. {"exception":"[object] (Symfony\\Component\\Console\\Exception\\CommandNotFoundException(code: 0): Command \"ui\" is not defined. at /Users/isnaenisetiyadi/Documents/PPDB-SMK/ppdb/vendor/symfony/console/Application.php:644)
[stacktrace]
#0 /Users/isnaenisetiyadi/Documents/PPDB-SMK/ppdb/vendor/symfony/console/Application.php(228): Symfony\\Component\\Console\\Application->find('ui')
#1 /Users/isnaenisetiyadi/Documents/PPDB-SMK/ppdb/vendor/symfony/console/Application.php(140): Symfony\\Component\\Console\\Application->doRun(Object(Symfony\\Component\\Console\\Input\\ArgvInput), Object(Symfony\\Component\\Console\\Output\\ConsoleOutput))
#2 /Users/isnaenisetiyadi/Documents/PPDB-SMK/ppdb/vendor/laravel/framework/src/Illuminate/Console/Application.php(93): Symfony\\Component\\Console\\Application->run(Object(Symfony\\Component\\Console\\Input\\ArgvInput), Object(Symfony\\Component\\Console\\Output\\ConsoleOutput))
#3 /Users/isnaenisetiyadi/Documents/PPDB-SMK/ppdb/vendor/laravel/framework/src/Illuminate/Foundation/Console/Kernel.php(129): Illuminate\\Console\\Application->run(Object(Symfony\\Component\\Console\\Input\\ArgvInput), Object(Symfony\\Component\\Console\\Output\\ConsoleOutput))
#4 /Users/isnaenisetiyadi/Documents/PPDB-SMK/ppdb/artisan(37): Illuminate\\Foundation\\Console\\Kernel->handle(Object(Symfony\\Component\\Console\\Input\\ArgvInput), Object(Symfony\\Component\\Console\\Output\\ConsoleOutput))
#5 {main}
"} 
